<?xml version="1.0" encoding="UTF-8"?>
<!-- Generated by org.testng.reporters.JUnitReportReporter -->
<testsuite hostname="RED-ONE" failures="1" tests="7" name="EcomTestReport.TestCases" time="52.587" errors="0" timestamp="2024-01-11T21:01:39 BDT" skipped="1">
  <testcase classname="EcomTestReport.TestCases" name="logoPresence" time="4.157"/>
  <system-out/>
  <testcase classname="EcomTestReport.TestCases" name="SignUp" time="8.177"/>
  <system-out/>
  <testcase classname="EcomTestReport.TestCases" name="Userlogin" time="7.171"/>
  <system-out/>
  <testcase classname="EcomTestReport.TestCases" name="BrwoseProduct" time="11.432"/>
  <system-out/>
  <testcase classname="EcomTestReport.TestCases" name="AddToCart" time="19.063"/>
  <system-out/>
  <testcase classname="EcomTestReport.TestCases" name="TitleCheck" time="0.762">
    <failure message="expected [NoCommerce] but found [NopCommerce]" type="java.lang.AssertionError">
      <![CDATA[java.lang.AssertionError: expected [NoCommerce] but found [NopCommerce]
at org.testng.Assert.fail(Assert.java:99)
at org.testng.Assert.failNotEquals(Assert.java:1037)
at org.testng.Assert.assertEqualsImpl(Assert.java:140)
at org.testng.Assert.assertEquals(Assert.java:122)
at org.testng.Assert.assertEquals(Assert.java:629)
at org.testng.Assert.assertEquals(Assert.java:639)
at EcomTestReport.TestCases.TitleCheck(TestCases.java:246)
at java.base/jdk.internal.reflect.NativeMethodAccessorImpl.invoke0(Native Method)
at java.base/jdk.internal.reflect.NativeMethodAccessorImpl.invoke(NativeMethodAccessorImpl.java:77)
at java.base/jdk.internal.reflect.DelegatingMethodAccessorImpl.invoke(DelegatingMethodAccessorImpl.java:43)
at java.base/java.lang.reflect.Method.invoke(Method.java:568)
at org.testng.internal.MethodInvocationHelper.invokeMethod(MethodInvocationHelper.java:133)
at org.testng.internal.TestInvoker.invokeMethod(TestInvoker.java:598)
at org.testng.internal.TestInvoker.invokeTestMethod(TestInvoker.java:173)
at org.testng.internal.MethodRunner.runInSequence(MethodRunner.java:46)
at org.testng.internal.TestInvoker$MethodInvocationAgent.invoke(TestInvoker.java:824)
at org.testng.internal.TestInvoker.invokeTestMethods(TestInvoker.java:146)
at org.testng.internal.TestMethodWorker.invokeTestMethods(TestMethodWorker.java:146)
at org.testng.internal.TestMethodWorker.run(TestMethodWorker.java:128)
at java.base/java.util.ArrayList.forEach(ArrayList.java:1511)
at org.testng.TestRunner.privateRun(TestRunner.java:794)
at org.testng.TestRunner.run(TestRunner.java:596)
at org.testng.SuiteRunner.runTest(SuiteRunner.java:377)
at org.testng.SuiteRunner.runSequentially(SuiteRunner.java:371)
at org.testng.SuiteRunner.privateRun(SuiteRunner.java:332)
at org.testng.SuiteRunner.run(SuiteRunner.java:276)
at org.testng.SuiteRunnerWorker.runSuite(SuiteRunnerWorker.java:53)
at org.testng.SuiteRunnerWorker.run(SuiteRunnerWorker.java:96)
at org.testng.TestNG.runSuitesSequentially(TestNG.java:1212)
at org.testng.TestNG.runSuitesLocally(TestNG.java:1134)
at org.testng.TestNG.runSuites(TestNG.java:1063)
at org.testng.TestNG.run(TestNG.java:1031)
at org.testng.remote.AbstractRemoteTestNG.run(AbstractRemoteTestNG.java:115)
at org.testng.remote.RemoteTestNG.initAndRun(RemoteTestNG.java:251)
at org.testng.remote.RemoteTestNG.main(RemoteTestNG.java:77)
]]>
    </failure>
  </testcase> <!-- TitleCheck -->
  <system-out/>
  <testcase classname="EcomTestReport.TestCases" name="SkipTheTest" time="1.825">
    <skipped/>
  </testcase> <!-- SkipTheTest -->
  <system-out/>
</testsuite> <!-- EcomTestReport.TestCases -->
